{"/Users/marienelamunozgutierrez/Documents/Microverse/modulo2/week3/ToDo-list/src/TasksClass.js": {"path":"/Users/marienelamunozgutierrez/Documents/Microverse/modulo2/week3/ToDo-list/src/TasksClass.js","statementMap":{"0":{"start":{"line":3,"column":4},"end":{"line":3,"column":65}},"1":{"start":{"line":7,"column":4},"end":{"line":7,"column":26}},"2":{"start":{"line":11,"column":4},"end":{"line":11,"column":40}},"3":{"start":{"line":16,"column":22},"end":{"line":16,"column":59}},"4":{"start":{"line":18,"column":19},"end":{"line":18,"column":47}},"5":{"start":{"line":19,"column":4},"end":{"line":19,"column":45}},"6":{"start":{"line":20,"column":4},"end":{"line":20,"column":35}},"7":{"start":{"line":21,"column":4},"end":{"line":21,"column":34}},"8":{"start":{"line":23,"column":20},"end":{"line":23,"column":49}},"9":{"start":{"line":24,"column":4},"end":{"line":24,"column":39}},"10":{"start":{"line":25,"column":4},"end":{"line":25,"column":32}},"11":{"start":{"line":27,"column":21},"end":{"line":27,"column":52}},"12":{"start":{"line":28,"column":4},"end":{"line":28,"column":31}},"13":{"start":{"line":29,"column":4},"end":{"line":29,"column":36}},"14":{"start":{"line":30,"column":4},"end":{"line":30,"column":38}},"15":{"start":{"line":31,"column":4},"end":{"line":31,"column":34}},"16":{"start":{"line":33,"column":22},"end":{"line":33,"column":53}},"17":{"start":{"line":34,"column":4},"end":{"line":34,"column":39}},"18":{"start":{"line":35,"column":4},"end":{"line":35,"column":39}},"19":{"start":{"line":36,"column":4},"end":{"line":36,"column":47}},"20":{"start":{"line":37,"column":4},"end":{"line":37,"column":35}},"21":{"start":{"line":39,"column":24},"end":{"line":39,"column":53}},"22":{"start":{"line":40,"column":4},"end":{"line":40,"column":44}},"23":{"start":{"line":41,"column":4},"end":{"line":41,"column":105}},"24":{"start":{"line":42,"column":4},"end":{"line":42,"column":36}},"25":{"start":{"line":44,"column":29},"end":{"line":44,"column":58}},"26":{"start":{"line":45,"column":4},"end":{"line":45,"column":55}},"27":{"start":{"line":46,"column":4},"end":{"line":46,"column":44}},"28":{"start":{"line":47,"column":4},"end":{"line":47,"column":110}},"29":{"start":{"line":48,"column":4},"end":{"line":48,"column":41}},"30":{"start":{"line":52,"column":4},"end":{"line":52,"column":36}}},"fnMap":{"0":{"name":"(anonymous_0)","decl":{"start":{"line":2,"column":2},"end":{"line":2,"column":3}},"loc":{"start":{"line":2,"column":16},"end":{"line":4,"column":3}},"line":2},"1":{"name":"(anonymous_1)","decl":{"start":{"line":6,"column":2},"end":{"line":6,"column":3}},"loc":{"start":{"line":6,"column":16},"end":{"line":8,"column":3}},"line":6},"2":{"name":"(anonymous_2)","decl":{"start":{"line":10,"column":2},"end":{"line":10,"column":3}},"loc":{"start":{"line":10,"column":16},"end":{"line":12,"column":3}},"line":10},"3":{"name":"(anonymous_3)","decl":{"start":{"line":15,"column":2},"end":{"line":15,"column":3}},"loc":{"start":{"line":15,"column":19},"end":{"line":49,"column":3}},"line":15},"4":{"name":"(anonymous_4)","decl":{"start":{"line":51,"column":2},"end":{"line":51,"column":3}},"loc":{"start":{"line":51,"column":20},"end":{"line":53,"column":3}},"line":51}},"branchMap":{"0":{"loc":{"start":{"line":3,"column":17},"end":{"line":3,"column":64}},"type":"binary-expr","locations":[{"start":{"line":3,"column":17},"end":{"line":3,"column":58}},{"start":{"line":3,"column":62},"end":{"line":3,"column":64}}],"line":3}},"s":{"0":1,"1":1,"2":0,"3":0,"4":0,"5":0,"6":0,"7":0,"8":0,"9":0,"10":0,"11":0,"12":0,"13":0,"14":0,"15":0,"16":0,"17":0,"18":0,"19":0,"20":0,"21":0,"22":0,"23":0,"24":0,"25":0,"26":0,"27":0,"28":0,"29":0,"30":0},"f":{"0":1,"1":1,"2":0,"3":0,"4":0},"b":{"0":[1,1]},"_coverageSchema":"1a1c01bbd47fc00a2c39e90264f33305004495a9","hash":"d5e0be670f177e53b98dc3dd4d56f6ad2ccac2c7"}
}
